/*C14*/SET SCHEMA PUBLIC
DELETE FROM JOGADORES_CS WHERE ID=1
DELETE FROM JOGADORES_CS WHERE ID=2
DELETE FROM JOGADORES_CS WHERE ID=3
DELETE FROM JOGADORES_CS WHERE ID=4
DELETE FROM JOGADORES_CS WHERE ID=5
COMMIT
DISCONNECT
/*C16*/SET SCHEMA PUBLIC
DISCONNECT
/*C17*/SET SCHEMA PUBLIC
INSERT INTO JOGADORES_CS VALUES(1,'Art','Furia',25,'1')
COMMIT
DISCONNECT
/*C19*/SET SCHEMA PUBLIC
DISCONNECT
/*C20*/SET SCHEMA PUBLIC
INSERT INTO JOGADORES_CS VALUES(2,'Fallen','Furia',23,'1')
COMMIT
DISCONNECT
/*C22*/SET SCHEMA PUBLIC
DISCONNECT
/*C23*/SET SCHEMA PUBLIC
INSERT INTO JOGADORES_CS VALUES(3,'Yurih','Furia',21,'1')
COMMIT
DISCONNECT
/*C25*/SET SCHEMA PUBLIC
DISCONNECT
/*C26*/SET SCHEMA PUBLIC
INSERT INTO JOGADORES_CS VALUES(4,'Drop','Furia',26,'1')
COMMIT
DISCONNECT
/*C28*/SET SCHEMA PUBLIC
DISCONNECT
/*C29*/SET SCHEMA PUBLIC
INSERT INTO JOGADORES_CS VALUES(5,'Kscerato','Furia',27,'1')
COMMIT
DISCONNECT
/*C30*/SET SCHEMA PUBLIC
DISCONNECT
/*C32*/SET SCHEMA PUBLIC
DISCONNECT
/*C35*/SET SCHEMA PUBLIC
DISCONNECT
/*C36*/SET SCHEMA PUBLIC
INSERT INTO JOGADORES_CS VALUES(6,'nicolas','pintuds',17,'0')
COMMIT
DISCONNECT
/*C37*/SET SCHEMA PUBLIC
DISCONNECT
/*C38*/SET SCHEMA PUBLIC
DISCONNECT
/*C39*/SET SCHEMA PUBLIC
DELETE FROM JOGADORES_CS WHERE ID=2
COMMIT
DISCONNECT
/*C40*/SET SCHEMA PUBLIC
DISCONNECT
/*C42*/SET SCHEMA PUBLIC
DISCONNECT
/*C43*/SET SCHEMA PUBLIC
DISCONNECT
/*C48*/SET SCHEMA PUBLIC
DELETE FROM JOGADORES_CS WHERE ID=1
DELETE FROM JOGADORES_CS WHERE ID=3
DELETE FROM JOGADORES_CS WHERE ID=4
DELETE FROM JOGADORES_CS WHERE ID=5
DELETE FROM JOGADORES_CS WHERE ID=6
COMMIT
DISCONNECT
/*C49*/SET SCHEMA PUBLIC
DISCONNECT
